[INFO  - 2018-05-24T05:46:10.332Z] GhostDriver - Main - running on port 31280
[INFO  - 2018-05-24T05:46:11.206Z] Session [c365f0f0-5f15-11e8-8ad0-6704f68d8507] - page.settings - {"XSSAuditingEnabled":false,"javascriptCanCloseWindows":true,"javascriptCanOpenWindows":true,"javascriptEnabled":true,"loadImages":true,"localToRemoteUrlAccessEnabled":false,"userAgent":"Mozilla/5.0 (Windows NT 6.2; WOW64) AppleWebKit/538.1 (KHTML, like Gecko) PhantomJS/2.1.1 Safari/538.1","webSecurityEnabled":true}
[INFO  - 2018-05-24T05:46:11.206Z] Session [c365f0f0-5f15-11e8-8ad0-6704f68d8507] - page.customHeaders:  - {}
[INFO  - 2018-05-24T05:46:11.206Z] Session [c365f0f0-5f15-11e8-8ad0-6704f68d8507] - Session.negotiatedCapabilities - {"browserName":"phantomjs","version":"2.1.1","driverName":"ghostdriver","driverVersion":"1.2.0","platform":"windows-10-32bit","javascriptEnabled":true,"takesScreenshot":true,"handlesAlerts":false,"databaseEnabled":false,"locationContextEnabled":false,"applicationCacheEnabled":false,"browserConnectionEnabled":false,"cssSelectorsEnabled":true,"webStorageEnabled":false,"rotatable":false,"acceptSslCerts":false,"nativeEvents":true,"proxy":{"proxyType":"direct"}}
[INFO  - 2018-05-24T05:46:11.207Z] SessionManagerReqHand - _postNewSessionCommand - New Session Created: c365f0f0-5f15-11e8-8ad0-6704f68d8507
[ERROR - 2018-05-24T05:46:11.783Z] Session [c365f0f0-5f15-11e8-8ad0-6704f68d8507] - page.onError - msg: ReferenceError: Can't find variable: jsonData
[ERROR - 2018-05-24T05:46:11.783Z] Session [c365f0f0-5f15-11e8-8ad0-6704f68d8507] - page.onError - stack:
  global code (http://dsp.fan-yong.com:8889/out/5973.html?url=aHR0cDovL3d3dy5oenJjLmNvbS93dy9iL2Evd3diYV9sb2dpbi5odG1s&ad=QwZbV0QYXnhDBRocZxlRFw==:1)
[INFO  - 2018-05-24T05:46:20.505Z] ShutdownReqHand - _handle - About to shutdown
[INFO  - 2018-05-24T05:57:54.737Z] GhostDriver - Main - running on port 23386
[INFO  - 2018-05-24T05:57:55.453Z] Session [6729a870-5f17-11e8-b382-6f9c75132d63] - page.settings - {"XSSAuditingEnabled":false,"javascriptCanCloseWindows":true,"javascriptCanOpenWindows":true,"javascriptEnabled":true,"loadImages":true,"localToRemoteUrlAccessEnabled":false,"userAgent":"Mozilla/5.0 (Windows NT 6.1; Win64; x64) AppleWebKit/537.36 (KHTML, like Gecko) Chrome/65.0.3325.181 Safari/537.36","webSecurityEnabled":false}
[INFO  - 2018-05-24T05:57:55.453Z] Session [6729a870-5f17-11e8-b382-6f9c75132d63] - page.customHeaders:  - {"Accept-Language":"en-US","User-Agent":"Mozilla/5.0 (Windows NT 6.1; Win64; x64) AppleWebKit/537.36 (KHTML, like Gecko) Chrome/65.0.3325.181 Safari/537.36"}
[INFO  - 2018-05-24T05:57:55.454Z] Session [6729a870-5f17-11e8-b382-6f9c75132d63] - Session.negotiatedCapabilities - {"browserName":"phantomjs","version":"2.1.1","driverName":"ghostdriver","driverVersion":"1.2.0","platform":"windows-10-32bit","javascriptEnabled":true,"takesScreenshot":true,"handlesAlerts":false,"databaseEnabled":false,"locationContextEnabled":false,"applicationCacheEnabled":false,"browserConnectionEnabled":false,"cssSelectorsEnabled":true,"webStorageEnabled":false,"rotatable":false,"acceptSslCerts":false,"nativeEvents":true,"proxy":{"proxyType":"direct"},"phantomjs.page.customHeaders.Accept-Language":"en-US","phantomjs.page.customHeaders.User-Agent":"Mozilla/5.0 (Windows NT 6.1; Win64; x64) AppleWebKit/537.36 (KHTML, like Gecko) Chrome/65.0.3325.181 Safari/537.36","phantomjs.page.settings.userAgent":"Mozilla/5.0 (Windows NT 6.1; Win64; x64) AppleWebKit/537.36 (KHTML, like Gecko) Chrome/65.0.3325.181 Safari/537.36"}
[INFO  - 2018-05-24T05:57:55.454Z] SessionManagerReqHand - _postNewSessionCommand - New Session Created: 6729a870-5f17-11e8-b382-6f9c75132d63
[INFO  - 2018-05-24T05:58:04.486Z] ShutdownReqHand - _handle - About to shutdown
[INFO  - 2018-05-28T00:45:27.232Z] GhostDriver - Main - running on port 11719
[INFO  - 2018-05-28T00:45:27.610Z] Session [6a3ad740-6210-11e8-8391-31b0685d68fa] - page.settings - {"XSSAuditingEnabled":false,"javascriptCanCloseWindows":true,"javascriptCanOpenWindows":true,"javascriptEnabled":true,"loadImages":true,"localToRemoteUrlAccessEnabled":false,"userAgent":"Mozilla/5.0 (Windows NT 6.1; Win64; x64) AppleWebKit/537.36 (KHTML, like Gecko) Chrome/65.0.3325.181 Safari/537.36","webSecurityEnabled":false}
[INFO  - 2018-05-28T00:45:27.610Z] Session [6a3ad740-6210-11e8-8391-31b0685d68fa] - page.customHeaders:  - {"Accept-Language":"en-US","User-Agent":"Mozilla/5.0 (Windows NT 6.1; Win64; x64) AppleWebKit/537.36 (KHTML, like Gecko) Chrome/65.0.3325.181 Safari/537.36"}
[INFO  - 2018-05-28T00:45:27.611Z] Session [6a3ad740-6210-11e8-8391-31b0685d68fa] - Session.negotiatedCapabilities - {"browserName":"phantomjs","version":"2.1.1","driverName":"ghostdriver","driverVersion":"1.2.0","platform":"windows-10-32bit","javascriptEnabled":true,"takesScreenshot":true,"handlesAlerts":false,"databaseEnabled":false,"locationContextEnabled":false,"applicationCacheEnabled":false,"browserConnectionEnabled":false,"cssSelectorsEnabled":true,"webStorageEnabled":false,"rotatable":false,"acceptSslCerts":false,"nativeEvents":true,"proxy":{"proxyType":"direct"},"phantomjs.page.customHeaders.Accept-Language":"en-US","phantomjs.page.customHeaders.User-Agent":"Mozilla/5.0 (Windows NT 6.1; Win64; x64) AppleWebKit/537.36 (KHTML, like Gecko) Chrome/65.0.3325.181 Safari/537.36","phantomjs.page.settings.userAgent":"Mozilla/5.0 (Windows NT 6.1; Win64; x64) AppleWebKit/537.36 (KHTML, like Gecko) Chrome/65.0.3325.181 Safari/537.36"}
[INFO  - 2018-05-28T00:45:27.611Z] SessionManagerReqHand - _postNewSessionCommand - New Session Created: 6a3ad740-6210-11e8-8391-31b0685d68fa
[INFO  - 2018-05-28T00:50:27.193Z] SessionManagerReqHand - _cleanupWindowlessSessions - Asynchronous Sessions clean-up phase starting NOW
[INFO  - 2018-05-28T00:50:27.194Z] SessionManagerReqHand - _cleanupWindowlessSessions - Deleted Session '6a3ad740-6210-11e8-8391-31b0685d68fa', because windowless
[INFO  - 2018-05-28T05:11:52.835Z] GhostDriver - Main - running on port 46047
[INFO  - 2018-05-28T05:11:53.625Z] Session [a2a2ff20-6235-11e8-a19f-2779b38f66ae] - page.settings - {"XSSAuditingEnabled":false,"javascriptCanCloseWindows":true,"javascriptCanOpenWindows":true,"javascriptEnabled":true,"loadImages":true,"localToRemoteUrlAccessEnabled":false,"userAgent":"Mozilla/5.0 (Windows NT 6.2; WOW64) AppleWebKit/538.1 (KHTML, like Gecko) PhantomJS/2.1.1 Safari/538.1","webSecurityEnabled":false}
[INFO  - 2018-05-28T05:11:53.625Z] Session [a2a2ff20-6235-11e8-a19f-2779b38f66ae] - page.customHeaders:  - {"Accept-Language":"en-US"}
[INFO  - 2018-05-28T05:11:53.625Z] Session [a2a2ff20-6235-11e8-a19f-2779b38f66ae] - Session.negotiatedCapabilities - {"browserName":"phantomjs","version":"2.1.1","driverName":"ghostdriver","driverVersion":"1.2.0","platform":"windows-10-32bit","javascriptEnabled":true,"takesScreenshot":true,"handlesAlerts":false,"databaseEnabled":false,"locationContextEnabled":false,"applicationCacheEnabled":false,"browserConnectionEnabled":false,"cssSelectorsEnabled":true,"webStorageEnabled":false,"rotatable":false,"acceptSslCerts":false,"nativeEvents":true,"proxy":{"proxyType":"direct"},"phantomjs.page.customHeaders.Accept-Language":"en-US"}
[INFO  - 2018-05-28T05:11:53.625Z] SessionManagerReqHand - _postNewSessionCommand - New Session Created: a2a2ff20-6235-11e8-a19f-2779b38f66ae
[INFO  - 2018-05-28T05:16:52.831Z] SessionManagerReqHand - _cleanupWindowlessSessions - Asynchronous Sessions clean-up phase starting NOW
[INFO  - 2018-05-28T05:16:52.838Z] SessionManagerReqHand - _cleanupWindowlessSessions - Deleted Session 'a2a2ff20-6235-11e8-a19f-2779b38f66ae', because windowless
